<?xml version="1.0" encoding="UTF-8" ?>
<testsuite errors="0" failures="1" hostname="ASUS" name="personal_library_management.Personal_Library_GUITest" tests="1" time="2.211" timestamp="2013-12-10T16:09:25">
  <properties>
[...]
</properties>
  <testcase classname="personal_library_management.Personal_Library_GUITest" name="testMain" time="1.738">
    <failure message="The test case is a prototype." type="junit.framework.AssertionFailedError">junit.framework.AssertionFailedError: The test case is a prototype.
	at personal_library_management.Personal_Library_GUITest.testMain(Personal_Library_GUITest.java:48)
</failure>
  </testcase>
  <system-out><![CDATA[main
]]></system-out>
  <system-err><![CDATA[]]></system-err>
</testsuite>
